# JRE version: OpenJDK Runtime Environment (11.0.10) (build 11.0.10+0-b96-7249189)
# Java VM: OpenJDK 64-Bit Server VM (11.0.10+0-b96-7249189, mixed mode, tiered, compressed oops, g1 gc, linux-amd64)
Heap:
 garbage-first heap   total 774144K, used 229465K [0x0000000080000000, 0x0000000100000000)
  region size 1024K, 7 young (7168K), 7 survivors (7168K)
 Metaspace       used 117278K, capacity 120301K, committed 120652K, reserved 1155072K
  class space    used 14481K, capacity 15573K, committed 15692K, reserved 1048576K
GC Heap History (20 events):
Event: 2210.270 GC heap after
{Heap after GC invocations=76 (full 0):
 garbage-first heap   total 218112K, used 107090K [0x0000000080000000, 0x0000000100000000)
  region size 1024K, 1 young (1024K), 1 survivors (1024K)
 Metaspace       used 115204K, capacity 118134K, committed 118604K, reserved 1153024K
  class space    used 14190K, capacity 15260K, committed 15436K, reserved 1048576K
}
Event: 2210.548 GC heap before
{Heap before GC invocations=76 (full 0):
 garbage-first heap   total 218112K, used 116306K [0x0000000080000000, 0x0000000100000000)
  region size 1024K, 10 young (10240K), 1 survivors (1024K)
 Metaspace       used 115419K, capacity 118408K, committed 118860K, reserved 1153024K
  class space    used 14221K, capacity 15280K, committed 15436K, reserved 1048576K
}
Event: 2210.555 GC heap after
{Heap after GC invocations=77 (full 0):
 garbage-first heap   total 218112K, used 107347K [0x0000000080000000, 0x0000000100000000)
  region size 1024K, 2 young (2048K), 2 survivors (2048K)
 Metaspace       used 115419K, capacity 118408K, committed 118860K, reserved 1153024K
  class space    used 14221K, capacity 15280K, committed 15436K, reserved 1048576K
}
Event: 2210.722 GC heap before
{Heap before GC invocations=77 (full 0):
 garbage-first heap   total 218112K, used 108371K [0x0000000080000000, 0x0000000100000000)
  region size 1024K, 4 young (4096K), 2 survivors (2048K)
 Metaspace       used 115525K, capacity 118484K, committed 118860K, reserved 1153024K
  class space    used 14231K, capacity 15282K, committed 15436K, reserved 1048576K
}
Event: 2210.727 GC heap after
{Heap after GC invocations=78 (full 0):
 garbage-first heap   total 218112K, used 107562K [0x0000000080000000, 0x0000000100000000)
  region size 1024K, 2 young (2048K), 2 survivors (2048K)
 Metaspace       used 115525K, capacity 118484K, committed 118860K, reserved 1153024K
  class space    used 14231K, capacity 15282K, committed 15436K, reserved 1048576K
}
Event: 2211.556 GC heap before
{Heap before GC invocations=79 (full 0):
 garbage-first heap   total 218112K, used 196650K [0x0000000080000000, 0x0000000100000000)
  region size 1024K, 55 young (56320K), 2 survivors (2048K)
 Metaspace       used 116703K, capacity 119742K, committed 120140K, reserved 1153024K
  class space    used 14475K, capacity 15574K, committed 15692K, reserved 1048576K
}
Event: 2211.614 GC heap after
{Heap after GC invocations=80 (full 0):
 garbage-first heap   total 221184K, used 151392K [0x0000000080000000, 0x0000000100000000)
  region size 1024K, 7 young (7168K), 7 survivors (7168K)
 Metaspace       used 116703K, capacity 119742K, committed 120140K, reserved 1153024K
  class space    used 14475K, capacity 15574K, committed 15692K, reserved 1048576K
}
Event: 2211.655 GC heap before
{Heap before GC invocations=80 (full 0):
 garbage-first heap   total 221184K, used 153440K [0x0000000080000000, 0x0000000100000000)
  region size 1024K, 10 young (10240K), 7 survivors (7168K)
 Metaspace       used 116784K, capacity 119806K, committed 120140K, reserved 1153024K
  class space    used 14475K, capacity 15574K, committed 15692K, reserved 1048576K
}
Event: 2211.730 GC heap after
{Heap after GC invocations=81 (full 0):
 garbage-first heap   total 221184K, used 144877K [0x0000000080000000, 0x0000000100000000)
  region size 1024K, 2 young (2048K), 2 survivors (2048K)
 Metaspace       used 116784K, capacity 119806K, committed 120140K, reserved 1153024K
  class space    used 14475K, capacity 15574K, committed 15692K, reserved 1048576K
}
Event: 2211.951 GC heap before
{Heap before GC invocations=81 (full 0):
 garbage-first heap   total 221184K, used 176621K [0x0000000080000000, 0x0000000100000000)
  region size 1024K, 34 young (34816K), 2 survivors (2048K)
 Metaspace       used 116908K, capacity 119943K, committed 120396K, reserved 1155072K
  class space    used 14475K, capacity 15574K, committed 15692K, reserved 1048576K
}
Event: 2211.999 GC heap after
{Heap after GC invocations=82 (full 0):
 garbage-first heap   total 221184K, used 162304K [0x0000000080000000, 0x0000000100000000)
  region size 1024K, 5 young (5120K), 5 survivors (5120K)
 Metaspace       used 116908K, capacity 119943K, committed 120396K, reserved 1155072K
  class space    used 14475K, capacity 15574K, committed 15692K, reserved 1048576K
}
Event: 2212.144 GC heap before
{Heap before GC invocations=82 (full 0):
 garbage-first heap   total 221184K, used 179712K [0x0000000080000000, 0x0000000100000000)
  region size 1024K, 23 young (23552K), 5 survivors (5120K)
 Metaspace       used 116910K, capacity 119943K, committed 120396K, reserved 1155072K
  class space    used 14475K, capacity 15574K, committed 15692K, reserved 1048576K
}
Event: 2212.183 GC heap after
{Heap after GC invocations=83 (full 0):
 garbage-first heap   total 442368K, used 173056K [0x0000000080000000, 0x0000000100000000)
  region size 1024K, 3 young (3072K), 3 survivors (3072K)
 Metaspace       used 116910K, capacity 119943K, committed 120396K, reserved 1155072K
  class space    used 14475K, capacity 15574K, committed 15692K, reserved 1048576K
}
Event: 2213.158 GC heap before
{Heap before GC invocations=84 (full 0):
 garbage-first heap   total 442368K, used 263168K [0x0000000080000000, 0x0000000100000000)
  region size 1024K, 89 young (91136K), 3 survivors (3072K)
 Metaspace       used 117084K, capacity 120130K, committed 120652K, reserved 1155072K
  class space    used 14473K, capacity 15563K, committed 15692K, reserved 1048576K
}
Event: 2213.267 GC heap after
{Heap after GC invocations=85 (full 0):
 garbage-first heap   total 442368K, used 204800K [0x0000000080000000, 0x0000000100000000)
  region size 1024K, 13 young (13312K), 13 survivors (13312K)
 Metaspace       used 117084K, capacity 120130K, committed 120652K, reserved 1155072K
  class space    used 14473K, capacity 15563K, committed 15692K, reserved 1048576K
}
Event: 2214.861 GC heap before
{Heap before GC invocations=86 (full 0):
 garbage-first heap   total 442368K, used 292864K [0x0000000080000000, 0x0000000100000000)
  region size 1024K, 87 young (89088K), 13 survivors (13312K)
 Metaspace       used 117249K, capacity 120292K, committed 120652K, reserved 1155072K
  class space    used 14480K, capacity 15571K, committed 15692K, reserved 1048576K
}
Event: 2214.945 GC heap after
{Heap after GC invocations=87 (full 0):
 garbage-first heap   total 442368K, used 227712K [0x0000000080000000, 0x0000000100000000)
  region size 1024K, 9 young (9216K), 9 survivors (9216K)
 Metaspace       used 117249K, capacity 120292K, committed 120652K, reserved 1155072K
  class space    used 14480K, capacity 15571K, committed 15692K, reserved 1048576K
}
Event: 2215.101 GC heap before
{Heap before GC invocations=87 (full 0):
 garbage-first heap   total 442368K, used 244096K [0x0000000080000000, 0x0000000100000000)
  region size 1024K, 21 young (21504K), 9 survivors (9216K)
 Metaspace       used 117272K, capacity 120300K, committed 120652K, reserved 1155072K
  class space    used 14481K, capacity 15573K, committed 15692K, reserved 1048576K
}
Event: 2215.145 GC heap after
{Heap after GC invocations=88 (full 0):
 garbage-first heap   total 442368K, used 224768K [0x0000000080000000, 0x0000000100000000)
  region size 1024K, 3 young (3072K), 3 survivors (3072K)
 Metaspace       used 117272K, capacity 120300K, committed 120652K, reserved 1155072K
  class space    used 14481K, capacity 15573K, committed 15692K, reserved 1048576K
}
Event: 2215.191 GC heap before
{Heap before GC invocations=88 (full 0):
 garbage-first heap   total 442368K, used 249344K [0x0000000080000000, 0x0000000100000000)
  region size 1024K, 28 young (28672K), 3 survivors (3072K)
 Metaspace       used 117278K, capacity 120301K, committed 120652K, reserved 1155072K
  class space    used 14481K, capacity 15573K, committed 15692K, reserved 1048576K
}

